<?xml version="1.0" encoding="UTF-8"?>
<testsuite name="com.xianyue.mocktiotest.StepTest" tests="6" skipped="0" failures="0" errors="0" timestamp="2017-04-13T03:29:18" hostname="langle-desktop" time="0.569">
  <properties/>
  <testcase name="testCallInternalInstance" classname="com.xianyue.mocktiotest.StepTest" time="0.343"/>
  <testcase name="testCallFinalMethod" classname="com.xianyue.mocktiotest.StepTest" time="0.004"/>
  <testcase name="testCallStaticMethod" classname="com.xianyue.mocktiotest.StepTest" time="0.005"/>
  <testcase name="testCallPrivateMethod" classname="com.xianyue.mocktiotest.StepTest" time="0.029"/>
  <testcase name="testCallSystemMethod" classname="com.xianyue.mocktiotest.StepTest" time="0.179"/>
  <testcase name="testCallArgumentInstance" classname="com.xianyue.mocktiotest.StepTest" time="0.002"/>
  <system-out><![CDATA[]]></system-out>
  <system-err><![CDATA[]]></system-err>
</testsuite>
