<?xml version="1.0" encoding="UTF-8"?>
<testsuite name="com.xianyue.basictype.regex.RegexPiersTest" tests="1" skipped="0" failures="0" errors="0" timestamp="2017-04-13T03:29:17" hostname="langle-desktop" time="0.071">
  <properties/>
  <testcase name="findExclueSpecifyRegex" classname="com.xianyue.basictype.regex.RegexPiersTest" time="0.071"/>
  <system-out><![CDATA[origin ExternalCall/HTTP/mock/register_service1
g0:{ExternalCall/HTTP/mock/register_service1},g1:{HTTP}, g2:{mock},g3:{register_service1}
origin ExternalCall/HTTP/mock/allWeb
g0:{ExternalCall/HTTP/mock/allWeb},g1:{HTTP}, g2:{mock},g3:{allWeb}
]]></system-out>
  <system-err><![CDATA[]]></system-err>
</testsuite>
